<?xml version="1.0" encoding="UTF-8"?>
<!-- Generated by org.testng.reporters.JUnitReportReporter -->
<testsuite hostname="LAPTOP-431H6V1P" failures="0" tests="1" name="com.tutorialninja.qa.testcases.Login" time="8.793" errors="0" timestamp="2023-09-10T17:40:25 CDT" skipped="0">
  <testcase classname="com.tutorialninja.qa.testcases.Login" name="verifyloginwithinvalidcredential" time="8.793"/>
  <system-out/>
</testsuite> <!-- com.tutorialninja.qa.testcases.Login -->
