<?xml version="1.0" encoding="UTF-8"?>
<!-- Generated by org.testng.reporters.JUnitReportReporter -->
<testsuite hostname="LAPTOP-431H6V1P" failures="0" tests="3" name="com.tutorialninja.qa.testcases.Search" time="15.832" errors="0" timestamp="2023-09-10T16:55:23 CDT" skipped="0">
  <testcase classname="com.tutorialninja.qa.testcases.Search" name="VerifysearchValidProduct" time="5.610"/>
  <system-out/>
  <testcase classname="com.tutorialninja.qa.testcases.Search" name="VerifyInvalidProduct" time="5.047"/>
  <system-out/>
  <testcase classname="com.tutorialninja.qa.testcases.Search" name="VeriysearchNpProduct" time="5.175"/>
  <system-out/>
</testsuite> <!-- com.tutorialninja.qa.testcases.Search -->
