<?xml version="1.0" encoding="UTF-8"?>
<!-- Generated by org.testng.reporters.JUnitReportReporter -->
<testsuite hostname="LAPTOP-431H6V1P" failures="0" tests="4" name="com.tutorialninja.qa.testcases.Register" time="27.618" errors="0" timestamp="2023-09-10T16:55:23 CDT" skipped="0">
  <testcase classname="com.tutorialninja.qa.testcases.Register" name="VerifyRegisterMandatory" time="7.421"/>
  <system-out/>
  <testcase classname="com.tutorialninja.qa.testcases.Register" name="VerifynonMandatoryfield" time="7.021"/>
  <system-out/>
  <testcase classname="com.tutorialninja.qa.testcases.Register" name="Verifysameemail" time="7.188"/>
  <system-out/>
  <testcase classname="com.tutorialninja.qa.testcases.Register" name="Verifywarning" time="5.988"/>
  <system-out/>
</testsuite> <!-- com.tutorialninja.qa.testcases.Register -->
